OG IMG 0 STARTED
Completed images: 1, (0, 0)
Completed images: 2, (0, 1)
Completed images: 3, (0, 3)
Completed images: 4, (0, 4)
Completed images: 5, (0, 2)
Completed images: 6, (0, 6)
Completed images: 7, (0, 5)
Completed images: 8, (0, 8)
Completed images: 9, (0, 7)
Completed images: 10, (0, 9)
Completed images: 11, (0, 10)
OG IMG 1 STARTED
Completed images: 1, (0, 8)
Completed images: 2, (0, 1)
Completed images: 3, (0, 9)
Completed images: 4, (0, 2)
Completed images: 5, (1, 11)
Completed images: 6, (0, 3)
Completed images: 7, (1, 16)
Completed images: 8, (0, 0)
Completed images: 9, (0, 10)
Completed images: 10, (0, 7)
Completed images: 11, (0, 4)
Completed images: 12, (1, 20)
Completed images: 13, (1, 12)
Completed images: 14, (1, 17)
Completed images: 15, (0, 6)
Completed images: 16, (1, 13)
Completed images: 17, (1, 14)
Completed images: 18, (1, 15)
Completed images: 19, (1, 18)
Completed images: 20, (0, 5)
Completed images: 21, (1, 19)
Completed images: 22, (1, 21)
Completed images: 23, (1, 22)
Completed images: 24, (1, 24)
Completed images: 25, (1, 23)
Completed images: 26, (1, 26)
Completed images: 27, (1, 25)
Completed images: 28, (1, 27)
Completed images: 29, (1, 28)
Completed images: 30, (1, 29)
Completed images: 31, (1, 31)
Completed images: 32, (1, 30)
OG IMG 2 STARTED
Completed images: 1, (0, 8)
Completed images: 2, (0, 1)
Completed images: 3, (1, 29)
Completed images: 4, (1, 27)
Completed images: 5, (1, 21)
Completed images: 6, (0, 9)
Completed images: 7, (2, 32)
Completed images: 8, (0, 2)
Completed images: 9, (1, 11)
Completed images: 10, (0, 3)
Completed images: 11, (1, 26)
Completed images: 12, (1, 22)
Completed images: 13, (1, 16)
Completed images: 14, (0, 0)
Completed images: 15, (1, 28)
Completed images: 16, (0, 10)
Completed images: 17, (0, 7)
Completed images: 18, (1, 19)
Completed images: 19, (0, 4)
Completed images: 20, (1, 20)
Completed images: 21, (2, 36)
Completed images: 22, (1, 12)
Completed images: 23, (1, 17)
Completed images: 24, (1, 25)
Completed images: 25, (1, 31)
Completed images: 26, (0, 6)
Completed images: 27, (1, 13)
Completed images: 28, (2, 34)
Completed images: 29, (1, 23)
Completed images: 30, (1, 14)
Completed images: 31, (1, 30)
Completed images: 32, (1, 24)
Completed images: 33, (1, 15)
Completed images: 34, (1, 18)
Completed images: 35, (0, 5)
Completed images: 36, (2, 35)
Completed images: 37, (2, 33)
Completed images: 38, (2, 38)
Completed images: 39, (2, 37)
Completed images: 40, (2, 40)
Completed images: 41, (2, 39)
Completed images: 42, (2, 44)
Completed images: 43, (2, 41)
Completed images: 44, (2, 42)
Completed images: 45, (2, 43)
Completed images: 46, (2, 45)
Completed images: 47, (2, 46)
Completed images: 48, (2, 47)
OG IMG 3 STARTED
Completed images: 1, (0, 8)
Completed images: 2, (0, 1)
Completed images: 3, (1, 29)
Completed images: 4, (1, 27)
Completed images: 5, (1, 21)
Completed images: 6, (0, 9)
Completed images: 7, (2, 32)
Completed images: 8, (0, 2)
Completed images: 9, (1, 11)
Completed images: 10, (3, 48)
Completed images: 11, (2, 37)
Completed images: 12, (3, 54)
Completed images: 13, (3, 49)
Completed images: 14, (0, 3)
Completed images: 15, (2, 33)
Completed images: 16, (1, 26)
Completed images: 17, (2, 43)
Completed images: 18, (1, 22)
Completed images: 19, (2, 47)
Completed images: 20, (3, 52)
Completed images: 21, (1, 16)
Completed images: 22, (0, 0)
Completed images: 23, (3, 57)
Completed images: 24, (1, 28)
Completed images: 25, (0, 10)
Completed images: 26, (3, 61)
Completed images: 27, (3, 59)
Completed images: 28, (0, 7)
Completed images: 29, (2, 38)
Completed images: 30, (0, 4)
Completed images: 31, (2, 41)
Completed images: 32, (1, 19)
Completed images: 33, (1, 20)
Completed images: 34, (1, 12)
Completed images: 35, (2, 42)
Completed images: 36, (3, 51)
Completed images: 37, (2, 36)
Completed images: 38, (3, 60)
Completed images: 39, (1, 17)
Completed images: 40, (1, 25)
Completed images: 41, (1, 31)
Completed images: 42, (3, 58)
Completed images: 43, (2, 46)
Completed images: 44, (2, 40)
Completed images: 45, (2, 39)
Completed images: 46, (0, 6)
Completed images: 47, (1, 13)
Completed images: 48, (2, 44)
Completed images: 49, (3, 53)
Completed images: 50, (3, 56)
Completed images: 51, (2, 34)
Completed images: 52, (1, 23)
Completed images: 53, (1, 14)
Completed images: 54, (2, 45)
Completed images: 55, (1, 15)
Completed images: 56, (1, 30)
Completed images: 57, (3, 62)
Completed images: 58, (1, 24)
Completed images: 59, (3, 55)
Completed images: 60, (3, 50)
Completed images: 61, (2, 35)
Completed images: 62, (1, 18)
Completed images: 63, (0, 5)
Completed images: 64, (3, 64)
Completed images: 65, (3, 63)
Completed images: 66, (3, 65)
Completed images: 67, (3, 68)
Completed images: 68, (3, 67)
Completed images: 69, (3, 66)
Completed images: 70, (3, 69)
Completed images: 71, (3, 72)
Completed images: 72, (3, 71)
Completed images: 73, (3, 70)
Completed images: 74, (3, 73)
OG IMG 4 STARTED
Completed images: 1, (0, 8)
Completed images: 2, (0, 1)
Completed images: 3, (1, 29)
Completed images: 4, (1, 27)
Completed images: 5, (1, 21)
Completed images: 6, (0, 9)
Completed images: 7, (3, 72)
Completed images: 8, (2, 32)
Completed images: 9, (0, 2)
Completed images: 10, (1, 11)
Completed images: 11, (3, 69)
Completed images: 12, (3, 48)
Completed images: 13, (2, 37)
Completed images: 14, (3, 54)
Completed images: 15, (3, 49)
Completed images: 16, (0, 3)
Completed images: 17, (2, 33)
Completed images: 18, (1, 26)
Completed images: 19, (2, 43)
Completed images: 20, (1, 22)
Completed images: 21, (3, 68)
Completed images: 22, (2, 47)
Completed images: 23, (3, 52)
Completed images: 24, (1, 16)
Completed images: 25, (0, 0)
Completed images: 26, (3, 64)
Completed images: 27, (3, 57)
Completed images: 28, (1, 28)
Completed images: 29, (0, 10)
Completed images: 30, (3, 66)
Completed images: 31, (3, 61)
Completed images: 32, (3, 59)
Completed images: 33, (0, 7)
Completed images: 34, (2, 38)
Completed images: 35, (0, 4)
Completed images: 36, (2, 41)
Completed images: 37, (1, 19)
Completed images: 38, (3, 65)
Completed images: 39, (1, 20)
Completed images: 40, (1, 12)
Completed images: 41, (2, 42)
Completed images: 42, (3, 51)
Completed images: 43, (2, 36)
Completed images: 44, (3, 60)
Completed images: 45, (1, 17)
Completed images: 46, (3, 73)
Completed images: 47, (1, 25)
Completed images: 48, (1, 31)
Completed images: 49, (3, 58)
Completed images: 50, (2, 46)
Completed images: 51, (2, 40)
Completed images: 52, (2, 39)
Completed images: 53, (0, 6)
Completed images: 54, (1, 13)
Completed images: 55, (2, 44)
Completed images: 56, (3, 53)
Completed images: 57, (3, 71)
Completed images: 58, (3, 70)
Completed images: 59, (3, 56)
Completed images: 60, (2, 34)
Completed images: 61, (1, 23)
Completed images: 62, (1, 14)
Completed images: 63, (2, 45)
Completed images: 64, (3, 67)
Completed images: 65, (3, 63)
Completed images: 66, (1, 15)
Completed images: 67, (1, 30)
Completed images: 68, (3, 62)
Completed images: 69, (1, 24)
Completed images: 70, (3, 55)
Completed images: 71, (3, 50)
Completed images: 72, (2, 35)
Completed images: 73, (1, 18)
Completed images: 74, (0, 5)
Completed images: 75, (4, 74)
Completed images: 76, (4, 75)
Completed images: 77, (4, 76)
Completed images: 78, (4, 77)
Completed images: 79, (4, 78)
OG IMG 5 STARTED
Completed images: 1, (0, 8)
Completed images: 2, (0, 2)
Completed images: 3, (3, 49)
Completed images: 4, (2, 43)
Completed images: 5, (1, 22)
Completed images: 6, (3, 57)
Completed images: 7, (3, 59)
Completed images: 8, (1, 20)
Completed images: 9, (5, 80)
Completed images: 10, (2, 40)
Completed images: 11, (2, 39)
Completed images: 12, (4, 76)
Completed images: 13, (1, 23)
Completed images: 14, (4, 78)
Completed images: 15, (2, 45)
Completed images: 16, (3, 67)
Completed images: 17, (3, 55)
Completed images: 18, (2, 35)
Completed images: 19, (5, 83)
Completed images: 20, (5, 82)
Completed images: 21, (1, 29)
Completed images: 22, (1, 21)
Completed images: 23, (3, 69)
Completed images: 24, (1, 26)
Completed images: 25, (2, 47)
Completed images: 26, (5, 85)
Completed images: 27, (2, 38)
Completed images: 28, (3, 60)
Completed images: 29, (3, 51)
Completed images: 30, (2, 36)
Completed images: 31, (1, 17)
Completed images: 32, (3, 58)
Completed images: 33, (2, 44)
Completed images: 34, (3, 70)
Completed images: 35, (2, 34)
Completed images: 36, (3, 62)
Completed images: 37, (3, 72)
Completed images: 38, (2, 32)
Completed images: 39, (1, 11)
Completed images: 40, (3, 54)
Completed images: 41, (4, 75)
Completed images: 42, (3, 52)
Completed images: 43, (1, 16)
Completed images: 44, (3, 64)
Completed images: 45, (1, 28)
Completed images: 46, (5, 81)
Completed images: 47, (3, 66)
Completed images: 48, (3, 61)
Completed images: 49, (0, 7)
Completed images: 50, (0, 4)
Completed images: 51, (4, 74)
Completed images: 52, (3, 65)
Completed images: 53, (1, 12)
Completed images: 54, (3, 73)
Completed images: 55, (1, 31)
Completed images: 56, (1, 13)
Completed images: 57, (3, 71)
Completed images: 58, (3, 56)
Completed images: 59, (5, 79)
Completed images: 60, (3, 63)
Completed images: 61, (1, 15)
Completed images: 62, (1, 18)
Completed images: 63, (0, 1)
Completed images: 64, (1, 27)
Completed images: 65, (0, 9)
Completed images: 66, (3, 48)
Completed images: 67, (2, 37)
Completed images: 68, (0, 3)
Completed images: 69, (2, 33)
Completed images: 70, (3, 68)
Completed images: 71, (0, 0)
Completed images: 72, (0, 10)
Completed images: 73, (2, 41)
Completed images: 74, (1, 19)
Completed images: 75, (2, 42)
Completed images: 76, (1, 25)
Completed images: 77, (2, 46)
Completed images: 78, (0, 6)
Completed images: 79, (3, 53)
Completed images: 80, (4, 77)
Completed images: 81, (1, 14)
Completed images: 82, (1, 30)
Completed images: 83, (1, 24)
Completed images: 84, (3, 50)
Completed images: 85, (0, 5)
Completed images: 86, (5, 84)
Completed images: 87, (5, 86)
Completed images: 88, (5, 89)
Completed images: 89, (5, 88)
Completed images: 90, (5, 91)
Completed images: 91, (5, 90)
Completed images: 92, (5, 87)
Completed images: 93, (5, 92)
Completed images: 94, (5, 93)
Completed images: 95, (5, 94)
Completed images: 96, (5, 95)
Completed images: 97, (5, 96)
Completed images: 98, (5, 97)
OG IMG 6 STARTED
Completed images: 1, (0, 8)
Completed images: 2, (5, 88)
Completed images: 3, (0, 2)
Completed images: 4, (3, 49)
Completed images: 5, (2, 43)
Completed images: 6, (1, 22)
Completed images: 7, (3, 57)
Completed images: 8, (5, 84)
Completed images: 9, (3, 59)
Completed images: 10, (5, 96)
Completed images: 11, (1, 20)
Completed images: 12, (5, 80)
Completed images: 13, (2, 40)
Completed images: 14, (2, 39)
Completed images: 15, (5, 93)
Completed images: 16, (4, 76)
Completed images: 17, (5, 91)
Completed images: 18, (1, 23)
Completed images: 19, (4, 78)
Completed images: 20, (2, 45)
Completed images: 21, (3, 67)
Completed images: 22, (3, 55)
Completed images: 23, (2, 35)
Completed images: 24, (5, 83)
Completed images: 25, (5, 82)
Completed images: 26, (1, 29)
Completed images: 27, (1, 21)
Completed images: 28, (3, 69)
Completed images: 29, (1, 26)
Completed images: 30, (2, 47)
Completed images: 31, (5, 85)
Completed images: 32, (2, 38)
Completed images: 33, (3, 60)
Completed images: 34, (3, 51)
Completed images: 35, (2, 36)
Completed images: 36, (1, 17)
Completed images: 37, (3, 58)
Completed images: 38, (2, 44)
Completed images: 39, (3, 70)
Completed images: 40, (5, 86)
Completed images: 41, (2, 34)
Completed images: 42, (3, 62)
Completed images: 43, (5, 94)
Completed images: 44, (3, 72)
Completed images: 45, (2, 32)
Completed images: 46, (1, 11)
Completed images: 47, (5, 89)
Completed images: 48, (3, 54)
Completed images: 49, (4, 75)
Completed images: 50, (3, 52)
Completed images: 51, (1, 16)
Completed images: 52, (3, 64)
Completed images: 53, (1, 28)
Completed images: 54, (5, 81)
Completed images: 55, (5, 92)
Completed images: 56, (3, 66)
Completed images: 57, (3, 61)
Completed images: 58, (0, 7)
Completed images: 59, (0, 4)
Completed images: 60, (4, 74)
Completed images: 61, (3, 65)
Completed images: 62, (1, 12)
Completed images: 63, (3, 73)
Completed images: 64, (1, 31)
Completed images: 65, (1, 13)
Completed images: 66, (3, 71)
Completed images: 67, (3, 56)
Completed images: 68, (5, 79)
Completed images: 69, (3, 63)
Completed images: 70, (1, 15)
Completed images: 71, (1, 18)
Completed images: 72, (5, 95)
Completed images: 73, (0, 1)
Completed images: 74, (1, 27)
Completed images: 75, (0, 9)
Completed images: 76, (3, 48)
Completed images: 77, (2, 37)
Completed images: 78, (0, 3)
Completed images: 79, (2, 33)
Completed images: 80, (3, 68)
Completed images: 81, (0, 0)
Completed images: 82, (0, 10)
Completed images: 83, (5, 87)
Completed images: 84, (2, 41)
Completed images: 85, (1, 19)
Completed images: 86, (2, 42)
Completed images: 87, (5, 90)
Completed images: 88, (1, 25)
Completed images: 89, (2, 46)
Completed images: 90, (5, 97)
Completed images: 91, (0, 6)
Completed images: 92, (3, 53)
Completed images: 93, (4, 77)
Completed images: 94, (1, 14)
Completed images: 95, (1, 30)
Completed images: 96, (1, 24)
Completed images: 97, (3, 50)
Completed images: 98, (0, 5)
Completed images: 99, (6, 98)
Completed images: 100, (6, 99)
Completed images: 101, (6, 100)
Completed images: 102, (6, 102)
Completed images: 103, (6, 103)
Completed images: 104, (6, 101)
Completed images: 105, (6, 104)
OG IMG 7 STARTED
Completed images: 1, (0, 8)
Completed images: 2, (5, 88)
Completed images: 3, (0, 2)
Completed images: 4, (3, 49)
Completed images: 5, (2, 43)
Completed images: 6, (1, 22)
Completed images: 7, (3, 57)
Completed images: 8, (5, 84)
Completed images: 9, (3, 59)
Completed images: 10, (5, 96)
Completed images: 11, (1, 20)
Completed images: 12, (6, 102)
Completed images: 13, (5, 80)
Completed images: 14, (2, 40)
Completed images: 15, (2, 39)
Completed images: 16, (5, 93)
Completed images: 17, (4, 76)
Completed images: 18, (5, 91)
Completed images: 19, (1, 23)
Completed images: 20, (4, 78)
Completed images: 21, (2, 45)
Completed images: 22, (3, 67)
Completed images: 23, (3, 55)
Completed images: 24, (2, 35)
Completed images: 25, (5, 83)
Completed images: 26, (5, 82)
Completed images: 27, (1, 29)
Completed images: 28, (1, 21)
Completed images: 29, (3, 69)
Completed images: 30, (1, 26)
Completed images: 31, (2, 47)
Completed images: 32, (5, 85)
Completed images: 33, (2, 38)
Completed images: 34, (6, 99)
Completed images: 35, (3, 60)
Completed images: 36, (3, 51)
Completed images: 37, (2, 36)
Completed images: 38, (1, 17)
Completed images: 39, (3, 58)
Completed images: 40, (2, 44)
Completed images: 41, (3, 70)
Completed images: 42, (5, 86)
Completed images: 43, (2, 34)
Completed images: 44, (6, 103)
Completed images: 45, (3, 62)
Completed images: 46, (5, 94)
Completed images: 47, (3, 72)
Completed images: 48, (2, 32)
Completed images: 49, (1, 11)
Completed images: 50, (5, 89)
Completed images: 51, (3, 54)
Completed images: 52, (4, 75)
Completed images: 53, (3, 52)
Completed images: 54, (1, 16)
Completed images: 55, (3, 64)
Completed images: 56, (1, 28)
Completed images: 57, (5, 81)
Completed images: 58, (5, 92)
Completed images: 59, (3, 66)
Completed images: 60, (3, 61)
Completed images: 61, (0, 7)
Completed images: 62, (0, 4)
Completed images: 63, (4, 74)
Completed images: 64, (3, 65)
Completed images: 65, (1, 12)
Completed images: 66, (3, 73)
Completed images: 67, (1, 31)
Completed images: 68, (1, 13)
Completed images: 69, (3, 71)
Completed images: 70, (3, 56)
Completed images: 71, (5, 79)
Completed images: 72, (6, 101)
Completed images: 73, (3, 63)
Completed images: 74, (1, 15)
Completed images: 75, (6, 100)
Completed images: 76, (1, 18)
Completed images: 77, (5, 95)
Completed images: 78, (0, 1)
Completed images: 79, (1, 27)
Completed images: 80, (0, 9)
Completed images: 81, (3, 48)
Completed images: 82, (2, 37)
Completed images: 83, (0, 3)
Completed images: 84, (2, 33)
Completed images: 85, (3, 68)
Completed images: 86, (0, 0)
Completed images: 87, (0, 10)
Completed images: 88, (5, 87)
Completed images: 89, (2, 41)
Completed images: 90, (1, 19)
Completed images: 91, (6, 98)
Completed images: 92, (2, 42)
Completed images: 93, (5, 90)
Completed images: 94, (1, 25)
Completed images: 95, (2, 46)
Completed images: 96, (6, 104)
Completed images: 97, (5, 97)
Completed images: 98, (0, 6)
Completed images: 99, (3, 53)
Completed images: 100, (4, 77)
Completed images: 101, (1, 14)
Completed images: 102, (1, 30)
Completed images: 103, (1, 24)
Completed images: 104, (3, 50)
Completed images: 105, (0, 5)
Completed images: 106, (7, 105)
OG IMG 8 STARTED
Completed images: 1, (0, 8)
Completed images: 2, (5, 88)
Completed images: 3, (0, 2)
Completed images: 4, (3, 49)
Completed images: 5, (2, 43)
Completed images: 6, (1, 22)
Completed images: 7, (3, 57)
Completed images: 8, (8, 109)
Completed images: 9, (5, 84)
Completed images: 10, (3, 59)
Completed images: 11, (5, 96)
Completed images: 12, (1, 20)
Completed images: 13, (6, 102)
Completed images: 14, (2, 40)
Completed images: 15, (2, 39)
Completed images: 16, (5, 80)
Completed images: 17, (5, 93)
Completed images: 18, (4, 76)
Completed images: 19, (8, 107)
Completed images: 20, (5, 91)
Completed images: 21, (1, 23)
Completed images: 22, (4, 78)
Completed images: 23, (2, 45)
Completed images: 24, (3, 67)
Completed images: 25, (3, 55)
Completed images: 26, (2, 35)
Completed images: 27, (7, 105)
Completed images: 28, (5, 83)
Completed images: 29, (5, 82)
Completed images: 30, (1, 29)
Completed images: 31, (1, 21)
Completed images: 32, (3, 69)
Completed images: 33, (1, 26)
Completed images: 34, (2, 47)
Completed images: 35, (5, 85)
Completed images: 36, (2, 38)
Completed images: 37, (6, 99)
Completed images: 38, (3, 60)
Completed images: 39, (3, 51)
Completed images: 40, (2, 36)
Completed images: 41, (1, 17)
Completed images: 42, (8, 108)
Completed images: 43, (3, 58)
Completed images: 44, (2, 44)
Completed images: 45, (3, 70)
Completed images: 46, (5, 86)
Completed images: 47, (2, 34)
Completed images: 48, (6, 103)
Completed images: 49, (3, 62)
Completed images: 50, (8, 106)
Completed images: 51, (8, 111)
Completed images: 52, (5, 94)
Completed images: 53, (8, 110)
Completed images: 54, (3, 72)
Completed images: 55, (2, 32)
Completed images: 56, (1, 11)
Completed images: 57, (5, 89)
Completed images: 58, (3, 54)
Completed images: 59, (4, 75)
Completed images: 60, (3, 52)
Completed images: 61, (1, 16)
Completed images: 62, (3, 64)
Completed images: 63, (1, 28)
Completed images: 64, (5, 81)
Completed images: 65, (5, 92)
Completed images: 66, (3, 66)
Completed images: 67, (3, 61)
Completed images: 68, (0, 7)
Completed images: 69, (0, 4)
Completed images: 70, (4, 74)
Completed images: 71, (3, 65)
Completed images: 72, (1, 12)
Completed images: 73, (3, 73)
Completed images: 74, (1, 31)
Completed images: 75, (1, 13)
Completed images: 76, (3, 71)
Completed images: 77, (3, 56)
Completed images: 78, (5, 79)
Completed images: 79, (6, 101)
Completed images: 80, (3, 63)
Completed images: 81, (1, 15)
Completed images: 82, (6, 100)
Completed images: 83, (1, 18)
Completed images: 84, (5, 95)
Completed images: 85, (0, 1)
Completed images: 86, (1, 27)
Completed images: 87, (0, 9)
Completed images: 88, (3, 48)
Completed images: 89, (2, 37)
Completed images: 90, (0, 3)
Completed images: 91, (8, 112)
Completed images: 92, (2, 33)
Completed images: 93, (3, 68)
Completed images: 94, (0, 0)
Completed images: 95, (0, 10)
Completed images: 96, (5, 87)
Completed images: 97, (2, 41)
Completed images: 98, (1, 19)
Completed images: 99, (6, 98)
Completed images: 100, (2, 42)
Completed images: 101, (5, 90)
Completed images: 102, (1, 25)
Completed images: 103, (2, 46)
Completed images: 104, (6, 104)
Completed images: 105, (5, 97)
Completed images: 106, (0, 6)
Completed images: 107, (3, 53)
Completed images: 108, (4, 77)
Completed images: 109, (1, 14)
Completed images: 110, (1, 30)
Completed images: 111, (1, 24)
Completed images: 112, (3, 50)
Completed images: 113, (0, 5)
Completed images: 114, (8, 114)
Completed images: 115, (8, 113)
Completed images: 116, (8, 115)
Completed images: 117, (8, 117)
Completed images: 118, (8, 116)
Completed images: 119, (8, 118)
Completed images: 120, (8, 120)
Completed images: 121, (8, 119)
Completed images: 122, (8, 122)
Completed images: 123, (8, 121)
Completed images: 124, (8, 123)
OG IMG 9 STARTED
Completed images: 1, (2, 32)
Completed images: 2, (5, 88)
Completed images: 3, (0, 2)
Completed images: 4, (3, 49)
Completed images: 5, (8, 118)
Completed images: 6, (2, 43)
Completed images: 7, (1, 22)
Completed images: 8, (8, 119)
Completed images: 9, (3, 57)
Completed images: 10, (8, 109)
Completed images: 11, (5, 84)
Completed images: 12, (3, 59)
Completed images: 13, (5, 96)
Completed images: 14, (1, 20)
Completed images: 15, (0, 8)
Completed images: 16, (6, 102)
Completed images: 17, (5, 80)
Completed images: 18, (2, 40)
Completed images: 19, (2, 39)
Completed images: 20, (5, 93)
Completed images: 21, (4, 76)
Completed images: 22, (8, 107)
Completed images: 23, (5, 91)
Completed images: 24, (1, 23)
Completed images: 25, (4, 78)
Completed images: 26, (2, 45)
Completed images: 27, (3, 67)
Completed images: 28, (3, 55)
Completed images: 29, (2, 35)
Completed images: 30, (7, 105)
Completed images: 31, (5, 83)
Completed images: 32, (5, 82)
Completed images: 33, (1, 29)
Completed images: 34, (1, 21)
Completed images: 35, (3, 69)
Completed images: 36, (1, 26)
Completed images: 37, (2, 47)
Completed images: 38, (5, 85)
Completed images: 39, (2, 38)
Completed images: 40, (6, 99)
Completed images: 41, (3, 60)
Completed images: 42, (3, 51)
Completed images: 43, (2, 36)
Completed images: 44, (1, 17)
Completed images: 45, (8, 108)
Completed images: 46, (3, 58)
Completed images: 47, (2, 44)
Completed images: 48, (8, 116)
Completed images: 49, (5, 86)
Completed images: 50, (3, 70)
Completed images: 51, (2, 34)
Completed images: 52, (6, 103)
Completed images: 53, (3, 62)
Completed images: 54, (8, 106)
Completed images: 55, (8, 111)
Completed images: 56, (5, 94)
Completed images: 57, (8, 114)
Completed images: 58, (8, 110)
Completed images: 59, (3, 72)
Completed images: 60, (1, 11)
Completed images: 61, (5, 89)
Completed images: 62, (3, 54)
Completed images: 63, (4, 75)
Completed images: 64, (8, 117)
Completed images: 65, (3, 52)
Completed images: 66, (1, 16)
Completed images: 67, (8, 120)
Completed images: 68, (3, 64)
Completed images: 69, (1, 28)
Completed images: 70, (8, 122)
Completed images: 71, (5, 81)
Completed images: 72, (5, 92)
Completed images: 73, (3, 66)
Completed images: 74, (3, 61)
Completed images: 75, (0, 7)
Completed images: 76, (0, 4)
Completed images: 77, (4, 74)
Completed images: 78, (3, 65)
Completed images: 79, (1, 12)
Completed images: 80, (8, 121)
Completed images: 81, (3, 73)
Completed images: 82, (1, 31)
Completed images: 83, (1, 13)
Completed images: 84, (3, 71)
Completed images: 85, (3, 56)
Completed images: 86, (5, 79)
Completed images: 87, (6, 101)
Completed images: 88, (3, 63)
Completed images: 89, (1, 15)
Completed images: 90, (6, 100)
Completed images: 91, (1, 18)
Completed images: 92, (5, 95)
Completed images: 93, (0, 1)
Completed images: 94, (1, 27)
Completed images: 95, (0, 9)
Completed images: 96, (3, 48)
Completed images: 97, (2, 37)
Completed images: 98, (0, 3)
Completed images: 99, (8, 112)
Completed images: 100, (2, 33)
Completed images: 101, (3, 68)
Completed images: 102, (0, 0)
Completed images: 103, (0, 10)
Completed images: 104, (5, 87)
Completed images: 105, (2, 41)
Completed images: 106, (1, 19)
Completed images: 107, (6, 98)
Completed images: 108, (2, 42)
Completed images: 109, (5, 90)
Completed images: 110, (8, 115)
Completed images: 111, (1, 25)
Completed images: 112, (2, 46)
Completed images: 113, (6, 104)
Completed images: 114, (5, 97)
Completed images: 115, (0, 6)
Completed images: 116, (3, 53)
Completed images: 117, (8, 113)
Completed images: 118, (4, 77)
Completed images: 119, (1, 14)
Completed images: 120, (8, 123)
Completed images: 121, (1, 30)
Completed images: 122, (1, 24)
Completed images: 123, (3, 50)
Completed images: 124, (0, 5)
Completed images: 125, (9, 124)
Completed images: 126, (9, 125)
Completed images: 127, (9, 126)
Completed images: 128, (9, 127)
OG IMG 10 STARTED
